<?xml version="1.0" encoding="UTF-8"?>
<testng-results ignored="0" total="4" passed="3" failed="1" skipped="0">
  <reporter-output>
  </reporter-output>
  <suite started-at="2019-11-13T14:01:07Z" name="CRMPRO Test Suite" finished-at="2019-11-13T14:06:09Z" duration-ms="301926">
    <groups>
    </groups>
    <test started-at="2019-11-13T14:01:07Z" name="Login Test" finished-at="2019-11-13T14:06:09Z" duration-ms="301926">
      <class name="com.virtusa.testng.tests.LoginTest">
        <test-method is-config="true" signature="setUp(java.lang.String)[pri:0, instance:com.virtusa.testng.tests.LoginTest@313b2ea6]" started-at="2019-11-13T14:03:29Z" name="setUp" finished-at="2019-11-13T14:04:06Z" duration-ms="36978" status="PASS">
          <params>
            <param index="0">
              <value>
                <![CDATA[chrome]]>
              </value>
            </param>
          </params>
          <reporter-output>
          </reporter-output>
        </test-method> <!-- setUp -->
        <test-method signature="enterCredentials()[pri:1, instance:com.virtusa.testng.tests.LoginTest@313b2ea6]" started-at="2019-11-13T14:04:06Z" name="enterCredentials" finished-at="2019-11-13T14:04:15Z" duration-ms="9619" status="PASS">
          <reporter-output>
          </reporter-output>
        </test-method> <!-- enterCredentials -->
        <test-method is-config="true" signature="tearDown()[pri:0, instance:com.virtusa.testng.tests.LoginTest@313b2ea6]" started-at="2019-11-13T14:04:15Z" name="tearDown" finished-at="2019-11-13T14:04:26Z" duration-ms="11106" status="PASS">
          <reporter-output>
          </reporter-output>
        </test-method> <!-- tearDown -->
        <test-method is-config="true" signature="setUp(java.lang.String)[pri:0, instance:com.virtusa.testng.tests.LoginTest@313b2ea6]" started-at="2019-11-13T14:05:21Z" name="setUp" finished-at="2019-11-13T14:05:54Z" duration-ms="32770" status="PASS">
          <params>
            <param index="0">
              <value>
                <![CDATA[chrome]]>
              </value>
            </param>
          </params>
          <reporter-output>
          </reporter-output>
        </test-method> <!-- setUp -->
        <test-method signature="enterwrongCredentials()[pri:2, instance:com.virtusa.testng.tests.LoginTest@313b2ea6]" started-at="2019-11-13T14:05:54Z" name="enterwrongCredentials" finished-at="2019-11-13T14:05:59Z" duration-ms="4891" status="PASS">
          <reporter-output>
          </reporter-output>
        </test-method> <!-- enterwrongCredentials -->
        <test-method is-config="true" signature="tearDown()[pri:0, instance:com.virtusa.testng.tests.LoginTest@313b2ea6]" started-at="2019-11-13T14:05:59Z" name="tearDown" finished-at="2019-11-13T14:06:09Z" duration-ms="10878" status="PASS">
          <reporter-output>
          </reporter-output>
        </test-method> <!-- tearDown -->
      </class> <!-- com.virtusa.testng.tests.LoginTest -->
      <class name="com.virtusa.testng.tests.HomeTest">
        <test-method is-config="true" signature="setUp(java.lang.String)[pri:0, instance:com.virtusa.testng.tests.HomeTest@6a2b953e]" started-at="2019-11-13T14:01:08Z" name="setUp" finished-at="2019-11-13T14:01:55Z" duration-ms="47796" status="PASS">
          <params>
            <param index="0">
              <value>
                <![CDATA[chrome]]>
              </value>
            </param>
          </params>
          <reporter-output>
          </reporter-output>
        </test-method> <!-- setUp -->
        <test-method signature="clickCompanyTab()[pri:1, instance:com.virtusa.testng.tests.HomeTest@6a2b953e]" started-at="2019-11-13T14:01:55Z" name="clickCompanyTab" finished-at="2019-11-13T14:01:57Z" duration-ms="1616" status="FAIL">
          <exception class="org.openqa.selenium.ElementClickInterceptedException">
            <message>
              <![CDATA[element click intercepted: Element <input type="submit" value="Login" class="btn btn-small"> is not clickable at point (1267, 116). Other element would receive the click: <div id="preloader" style="opacity: 1;">...</div>
  (Session info: chrome=78.0.3904.97)
Build info: version: '3.141.59', revision: 'e82be7d358', time: '2018-11-14T08:17:03'
System info: host: 'LAPTOP-523ER982', ip: '192.168.0.4', os.name: 'Windows 10', os.arch: 'amd64', os.version: '10.0', java.version: '11.0.4'
Driver info: org.openqa.selenium.chrome.ChromeDriver
Capabilities {acceptInsecureCerts: false, browserName: chrome, browserVersion: 78.0.3904.97, chrome: {chromedriverVersion: 78.0.3904.70 (edb9c9f3de024..., userDataDir: C:\Users\skandha\AppData\Lo...}, goog:chromeOptions: {debuggerAddress: localhost:53118}, javascriptEnabled: true, networkConnectionEnabled: false, pageLoadStrategy: normal, platform: XP, platformName: XP, proxy: Proxy(), setWindowRect: true, strictFileInteractability: false, timeouts: {implicit: 0, pageLoad: 300000, script: 30000}, unhandledPromptBehavior: dismiss and notify}
Session ID: ef668aeb4017e77e019bb68beac8f6b0]]>
            </message>
            <full-stacktrace>
              <![CDATA[org.openqa.selenium.ElementClickInterceptedException: element click intercepted: Element <input type="submit" value="Login" class="btn btn-small"> is not clickable at point (1267, 116). Other element would receive the click: <div id="preloader" style="opacity: 1;">...</div>
  (Session info: chrome=78.0.3904.97)
Build info: version: '3.141.59', revision: 'e82be7d358', time: '2018-11-14T08:17:03'
System info: host: 'LAPTOP-523ER982', ip: '192.168.0.4', os.name: 'Windows 10', os.arch: 'amd64', os.version: '10.0', java.version: '11.0.4'
Driver info: org.openqa.selenium.chrome.ChromeDriver
Capabilities {acceptInsecureCerts: false, browserName: chrome, browserVersion: 78.0.3904.97, chrome: {chromedriverVersion: 78.0.3904.70 (edb9c9f3de024..., userDataDir: C:\Users\skandha\AppData\Lo...}, goog:chromeOptions: {debuggerAddress: localhost:53118}, javascriptEnabled: true, networkConnectionEnabled: false, pageLoadStrategy: normal, platform: XP, platformName: XP, proxy: Proxy(), setWindowRect: true, strictFileInteractability: false, timeouts: {implicit: 0, pageLoad: 300000, script: 30000}, unhandledPromptBehavior: dismiss and notify}
Session ID: ef668aeb4017e77e019bb68beac8f6b0
at java.base/jdk.internal.reflect.NativeConstructorAccessorImpl.newInstance0(Native Method)
at java.base/jdk.internal.reflect.NativeConstructorAccessorImpl.newInstance(NativeConstructorAccessorImpl.java:62)
at java.base/jdk.internal.reflect.DelegatingConstructorAccessorImpl.newInstance(DelegatingConstructorAccessorImpl.java:45)
at java.base/java.lang.reflect.Constructor.newInstance(Constructor.java:490)
at org.openqa.selenium.remote.http.W3CHttpResponseCodec.createException(W3CHttpResponseCodec.java:187)
at org.openqa.selenium.remote.http.W3CHttpResponseCodec.decode(W3CHttpResponseCodec.java:122)
at org.openqa.selenium.remote.http.W3CHttpResponseCodec.decode(W3CHttpResponseCodec.java:49)
at org.openqa.selenium.remote.HttpCommandExecutor.execute(HttpCommandExecutor.java:158)
at org.openqa.selenium.remote.service.DriverCommandExecutor.execute(DriverCommandExecutor.java:83)
at org.openqa.selenium.remote.RemoteWebDriver.execute(RemoteWebDriver.java:552)
at org.openqa.selenium.remote.RemoteWebElement.execute(RemoteWebElement.java:285)
at org.openqa.selenium.remote.RemoteWebElement.click(RemoteWebElement.java:84)
at com.virtusa.testng.pages.BasePage.elementClick(BasePage.java:143)
at com.virtusa.testng.pages.LoginPage.clickSubmit(LoginPage.java:44)
at com.virtusa.testng.tests.HomeTest.clickCompanyTab(HomeTest.java:28)
at java.base/jdk.internal.reflect.NativeMethodAccessorImpl.invoke0(Native Method)
at java.base/jdk.internal.reflect.NativeMethodAccessorImpl.invoke(NativeMethodAccessorImpl.java:62)
at java.base/jdk.internal.reflect.DelegatingMethodAccessorImpl.invoke(DelegatingMethodAccessorImpl.java:43)
at java.base/java.lang.reflect.Method.invoke(Method.java:566)
at org.testng.internal.MethodInvocationHelper.invokeMethod(MethodInvocationHelper.java:124)
at org.testng.internal.Invoker.invokeMethod(Invoker.java:583)
at org.testng.internal.Invoker.invokeTestMethod(Invoker.java:719)
at org.testng.internal.Invoker.invokeTestMethods(Invoker.java:989)
at org.testng.internal.TestMethodWorker.invokeTestMethods(TestMethodWorker.java:125)
at org.testng.internal.TestMethodWorker.run(TestMethodWorker.java:109)
at org.testng.TestRunner.privateRun(TestRunner.java:648)
at org.testng.TestRunner.run(TestRunner.java:505)
at org.testng.SuiteRunner.runTest(SuiteRunner.java:455)
at org.testng.SuiteRunner.runSequentially(SuiteRunner.java:450)
at org.testng.SuiteRunner.privateRun(SuiteRunner.java:415)
at org.testng.SuiteRunner.run(SuiteRunner.java:364)
at org.testng.SuiteRunnerWorker.runSuite(SuiteRunnerWorker.java:52)
at org.testng.SuiteRunnerWorker.run(SuiteRunnerWorker.java:84)
at org.testng.TestNG.runSuitesSequentially(TestNG.java:1208)
at org.testng.TestNG.runSuitesLocally(TestNG.java:1137)
at org.testng.TestNG.runSuites(TestNG.java:1049)
at org.testng.TestNG.run(TestNG.java:1017)
at org.testng.remote.AbstractRemoteTestNG.run(AbstractRemoteTestNG.java:115)
at org.testng.remote.RemoteTestNG.initAndRun(RemoteTestNG.java:251)
at org.testng.remote.RemoteTestNG.main(RemoteTestNG.java:77)
]]>
            </full-stacktrace>
          </exception> <!-- org.openqa.selenium.ElementClickInterceptedException -->
          <reporter-output>
          </reporter-output>
        </test-method> <!-- clickCompanyTab -->
        <test-method is-config="true" signature="tearDown()[pri:0, instance:com.virtusa.testng.tests.HomeTest@6a2b953e]" started-at="2019-11-13T14:03:18Z" name="tearDown" finished-at="2019-11-13T14:03:29Z" duration-ms="11206" status="PASS">
          <reporter-output>
          </reporter-output>
        </test-method> <!-- tearDown -->
        <test-method is-config="true" signature="setUp(java.lang.String)[pri:0, instance:com.virtusa.testng.tests.HomeTest@6a2b953e]" started-at="2019-11-13T14:04:26Z" name="setUp" finished-at="2019-11-13T14:05:01Z" duration-ms="34828" status="PASS">
          <params>
            <param index="0">
              <value>
                <![CDATA[chrome]]>
              </value>
            </param>
          </params>
          <reporter-output>
          </reporter-output>
        </test-method> <!-- setUp -->
        <test-method signature="clickContactTab()[pri:2, instance:com.virtusa.testng.tests.HomeTest@6a2b953e]" started-at="2019-11-13T14:05:01Z" name="clickContactTab" finished-at="2019-11-13T14:05:10Z" duration-ms="8749" status="PASS">
          <reporter-output>
          </reporter-output>
        </test-method> <!-- clickContactTab -->
        <test-method is-config="true" signature="tearDown()[pri:0, instance:com.virtusa.testng.tests.HomeTest@6a2b953e]" started-at="2019-11-13T14:05:10Z" name="tearDown" finished-at="2019-11-13T14:05:21Z" duration-ms="10792" status="PASS">
          <reporter-output>
          </reporter-output>
        </test-method> <!-- tearDown -->
      </class> <!-- com.virtusa.testng.tests.HomeTest -->
    </test> <!-- Login Test -->
  </suite> <!-- CRMPRO Test Suite -->
</testng-results>
